10:07:07.284 [AWT-EventQueue-0] INFO  c.b.actions.DisableBrowserStack - Setting disable browserstack run update
10:07:07.293 [AWT-EventQueue-0] INFO  c.b.actions.EnableBrowserStack - Setting enable browserstack run update
10:08:02.429 [AWT-EventQueue-0] INFO  c.b.launchers.LaunchMavenCommand - Integrate source: junit5:appium-intellij:v1.1.6
10:08:02.429 [AWT-EventQueue-0] INFO  c.b.launchers.LaunchMavenCommand - Executing maven archetype command - browserstack-sdk-archetype-integrate
10:08:02.656 [ApplicationImpl pooled thread 6] INFO  c.b.l.BrowserStackRunExtension - maven
10:08:02.657 [ApplicationImpl pooled thread 6] INFO  com.browserstack.utils.Helpers - null
10:08:09.200 [java.exe] INFO  c.b.launchers.LaunchMavenCommand - Completed maven archetype command
10:11:53.734 [AWT-EventQueue-0] INFO  c.b.actions.DisableBrowserStack - Setting disable browserstack run update
10:11:53.734 [AWT-EventQueue-0] INFO  com.browserstack.utils.Helpers - C:/Users/SiddharthKoka/.m2/repository/com/browserstack/browserstack-java-sdk/1.26.0/browserstack-java-sdk-1.26.0.jar
10:11:53.734 [AWT-EventQueue-0] INFO  com.browserstack.utils.Helpers - true
10:11:53.740 [AWT-EventQueue-0] INFO  c.b.actions.EnableBrowserStack - Setting enable browserstack run update
10:11:53.741 [AWT-EventQueue-0] INFO  com.browserstack.utils.Helpers - C:/Users/SiddharthKoka/.m2/repository/com/browserstack/browserstack-java-sdk/1.26.0/browserstack-java-sdk-1.26.0.jar
10:11:53.741 [AWT-EventQueue-0] INFO  com.browserstack.utils.Helpers - true
10:12:08.150 [ApplicationImpl pooled thread 33] INFO  c.b.l.BrowserStackRunExtension - testng
10:12:08.150 [ApplicationImpl pooled thread 33] INFO  com.browserstack.utils.Helpers - true
10:12:08.151 [ApplicationImpl pooled thread 33] INFO  com.browserstack.utils.Helpers - C:/Users/SiddharthKoka/.m2/repository/com/browserstack/browserstack-java-sdk/1.26.0/browserstack-java-sdk-1.26.0.jar
10:12:08.151 [ApplicationImpl pooled thread 33] INFO  c.b.l.BrowserStackRunExtension - Agent path: C:/Users/SiddharthKoka/.m2/repository/com/browserstack/browserstack-java-sdk/1.26.0/browserstack-java-sdk-1.26.0.jar
10:12:08.151 [ApplicationImpl pooled thread 33] INFO  c.b.l.BrowserStackRunExtension - Adding Browserstack SDK javaagent argline
10:12:08.151 [ApplicationImpl pooled thread 33] INFO  c.b.l.BrowserStackRunExtension - Plugin version: v1.1.6
10:13:37.965 [ApplicationImpl pooled thread 48] INFO  c.b.l.BrowserStackRunExtension - application
10:13:37.965 [ApplicationImpl pooled thread 48] INFO  com.browserstack.utils.Helpers - true
10:16:42.458 [AWT-EventQueue-0] INFO  c.b.actions.EnableBrowserStack - Setting enable browserstack run update
10:16:42.460 [AWT-EventQueue-0] INFO  com.browserstack.utils.Helpers - C:/Users/SiddharthKoka/.m2/repository/com/browserstack/browserstack-java-sdk/1.26.0/browserstack-java-sdk-1.26.0.jar
10:16:42.461 [AWT-EventQueue-0] INFO  com.browserstack.utils.Helpers - true
10:16:42.469 [AWT-EventQueue-0] INFO  c.b.actions.DisableBrowserStack - Setting disable browserstack run update
10:16:42.469 [AWT-EventQueue-0] INFO  com.browserstack.utils.Helpers - C:/Users/SiddharthKoka/.m2/repository/com/browserstack/browserstack-java-sdk/1.26.0/browserstack-java-sdk-1.26.0.jar
10:16:42.469 [AWT-EventQueue-0] INFO  com.browserstack.utils.Helpers - true
10:17:03.697 [AWT-EventQueue-0] INFO  c.b.actions.DisableBrowserStack - Setting disable browserstack run update
10:17:03.697 [AWT-EventQueue-0] INFO  com.browserstack.utils.Helpers - C:/Users/SiddharthKoka/.m2/repository/com/browserstack/browserstack-java-sdk/1.26.0/browserstack-java-sdk-1.26.0.jar
10:17:03.698 [AWT-EventQueue-0] INFO  com.browserstack.utils.Helpers - true
10:17:03.704 [AWT-EventQueue-0] INFO  c.b.actions.EnableBrowserStack - Setting enable browserstack run update
10:17:03.705 [AWT-EventQueue-0] INFO  com.browserstack.utils.Helpers - C:/Users/SiddharthKoka/.m2/repository/com/browserstack/browserstack-java-sdk/1.26.0/browserstack-java-sdk-1.26.0.jar
10:17:03.705 [AWT-EventQueue-0] INFO  com.browserstack.utils.Helpers - true
10:17:08.977 [ApplicationImpl pooled thread 5] INFO  c.b.l.BrowserStackRunExtension - testng
10:17:08.977 [ApplicationImpl pooled thread 5] INFO  com.browserstack.utils.Helpers - true
10:17:08.978 [ApplicationImpl pooled thread 5] INFO  com.browserstack.utils.Helpers - C:/Users/SiddharthKoka/.m2/repository/com/browserstack/browserstack-java-sdk/1.26.0/browserstack-java-sdk-1.26.0.jar
10:17:08.979 [ApplicationImpl pooled thread 5] INFO  c.b.l.BrowserStackRunExtension - Agent path: C:/Users/SiddharthKoka/.m2/repository/com/browserstack/browserstack-java-sdk/1.26.0/browserstack-java-sdk-1.26.0.jar
10:17:08.979 [ApplicationImpl pooled thread 5] INFO  c.b.l.BrowserStackRunExtension - Adding Browserstack SDK javaagent argline
10:17:08.979 [ApplicationImpl pooled thread 5] INFO  c.b.l.BrowserStackRunExtension - Plugin version: v1.1.6
09:56:57.307 [ApplicationImpl pooled thread 1] INFO  c.b.l.BrowserStackRunExtension - testng
09:56:57.310 [ApplicationImpl pooled thread 1] INFO  com.browserstack.utils.Helpers - true
09:56:57.311 [ApplicationImpl pooled thread 1] INFO  com.browserstack.utils.Helpers - C:/Users/SiddharthKoka/.m2/repository/com/browserstack/browserstack-java-sdk/1.26.0/browserstack-java-sdk-1.26.0.jar
09:56:57.312 [ApplicationImpl pooled thread 1] INFO  c.b.l.BrowserStackRunExtension - Agent path: C:/Users/SiddharthKoka/.m2/repository/com/browserstack/browserstack-java-sdk/1.26.0/browserstack-java-sdk-1.26.0.jar
09:56:57.312 [ApplicationImpl pooled thread 1] INFO  c.b.l.BrowserStackRunExtension - Adding Browserstack SDK javaagent argline
09:56:57.312 [ApplicationImpl pooled thread 1] INFO  c.b.l.BrowserStackRunExtension - Plugin version: v1.1.6
09:59:32.549 [AWT-EventQueue-0] INFO  c.b.actions.DisableBrowserStack - Setting disable browserstack run update
09:59:32.550 [AWT-EventQueue-0] INFO  com.browserstack.utils.Helpers - C:/Users/SiddharthKoka/.m2/repository/com/browserstack/browserstack-java-sdk/1.26.0/browserstack-java-sdk-1.26.0.jar
09:59:32.550 [AWT-EventQueue-0] INFO  com.browserstack.utils.Helpers - true
09:59:32.560 [AWT-EventQueue-0] INFO  c.b.actions.EnableBrowserStack - Setting enable browserstack run update
09:59:32.560 [AWT-EventQueue-0] INFO  com.browserstack.utils.Helpers - C:/Users/SiddharthKoka/.m2/repository/com/browserstack/browserstack-java-sdk/1.26.0/browserstack-java-sdk-1.26.0.jar
09:59:32.560 [AWT-EventQueue-0] INFO  com.browserstack.utils.Helpers - true
09:59:33.970 [AWT-EventQueue-0] INFO  c.b.actions.DisableBrowserStack - Setting disable browserstack run update
09:59:33.971 [AWT-EventQueue-0] INFO  com.browserstack.utils.Helpers - C:/Users/SiddharthKoka/.m2/repository/com/browserstack/browserstack-java-sdk/1.26.0/browserstack-java-sdk-1.26.0.jar
09:59:33.971 [AWT-EventQueue-0] INFO  com.browserstack.utils.Helpers - true
09:59:33.981 [AWT-EventQueue-0] INFO  c.b.actions.DisableBrowserStack - Disabling BrowserStack Run
09:59:33.981 [AWT-EventQueue-0] INFO  com.browserstack.utils.Helpers - setting browserstack enabled to false
09:59:39.215 [AWT-EventQueue-0] INFO  c.b.actions.EnableBrowserStack - Setting enable browserstack run update
09:59:39.216 [AWT-EventQueue-0] INFO  com.browserstack.utils.Helpers - C:/Users/SiddharthKoka/.m2/repository/com/browserstack/browserstack-java-sdk/1.26.0/browserstack-java-sdk-1.26.0.jar
09:59:39.216 [AWT-EventQueue-0] INFO  com.browserstack.utils.Helpers - false
09:59:39.224 [AWT-EventQueue-0] INFO  c.b.actions.DisableBrowserStack - Setting disable browserstack run update
09:59:39.224 [AWT-EventQueue-0] INFO  com.browserstack.utils.Helpers - C:/Users/SiddharthKoka/.m2/repository/com/browserstack/browserstack-java-sdk/1.26.0/browserstack-java-sdk-1.26.0.jar
09:59:39.224 [AWT-EventQueue-0] INFO  com.browserstack.utils.Helpers - false
09:59:43.720 [ApplicationImpl pooled thread 20] INFO  c.b.l.BrowserStackRunExtension - testng
09:59:43.721 [ApplicationImpl pooled thread 20] INFO  com.browserstack.utils.Helpers - false
15:41:41.741 [AWT-EventQueue-0] INFO  c.b.actions.DisableBrowserStack - Setting disable browserstack run update
15:41:41.745 [AWT-EventQueue-0] INFO  com.browserstack.utils.Helpers - C:/Users/SiddharthKoka/.m2/repository/com/browserstack/browserstack-java-sdk/1.26.0/browserstack-java-sdk-1.26.0.jar
15:41:41.745 [AWT-EventQueue-0] INFO  com.browserstack.utils.Helpers - false
15:41:41.754 [AWT-EventQueue-0] INFO  c.b.actions.EnableBrowserStack - Setting enable browserstack run update
15:41:41.755 [AWT-EventQueue-0] INFO  com.browserstack.utils.Helpers - C:/Users/SiddharthKoka/.m2/repository/com/browserstack/browserstack-java-sdk/1.26.0/browserstack-java-sdk-1.26.0.jar
15:41:41.755 [AWT-EventQueue-0] INFO  com.browserstack.utils.Helpers - false
15:41:43.666 [AWT-EventQueue-0] INFO  c.b.actions.EnableBrowserStack - Setting enable browserstack run update
15:41:43.667 [AWT-EventQueue-0] INFO  com.browserstack.utils.Helpers - C:/Users/SiddharthKoka/.m2/repository/com/browserstack/browserstack-java-sdk/1.26.0/browserstack-java-sdk-1.26.0.jar
15:41:43.667 [AWT-EventQueue-0] INFO  com.browserstack.utils.Helpers - false
15:41:43.676 [AWT-EventQueue-0] INFO  c.b.actions.DisableBrowserStack - Setting disable browserstack run update
15:41:43.677 [AWT-EventQueue-0] INFO  com.browserstack.utils.Helpers - C:/Users/SiddharthKoka/.m2/repository/com/browserstack/browserstack-java-sdk/1.26.0/browserstack-java-sdk-1.26.0.jar
15:41:43.677 [AWT-EventQueue-0] INFO  com.browserstack.utils.Helpers - false
15:42:00.369 [AWT-EventQueue-0] INFO  c.b.actions.DisableBrowserStack - Setting disable browserstack run update
15:42:00.369 [AWT-EventQueue-0] INFO  com.browserstack.utils.Helpers - C:/Users/SiddharthKoka/.m2/repository/com/browserstack/browserstack-java-sdk/1.26.0/browserstack-java-sdk-1.26.0.jar
15:42:00.369 [AWT-EventQueue-0] INFO  com.browserstack.utils.Helpers - false
15:42:00.377 [AWT-EventQueue-0] INFO  c.b.actions.EnableBrowserStack - Setting enable browserstack run update
15:42:00.378 [AWT-EventQueue-0] INFO  com.browserstack.utils.Helpers - C:/Users/SiddharthKoka/.m2/repository/com/browserstack/browserstack-java-sdk/1.26.0/browserstack-java-sdk-1.26.0.jar
15:42:00.378 [AWT-EventQueue-0] INFO  com.browserstack.utils.Helpers - false
15:42:02.095 [AWT-EventQueue-0] INFO  c.b.actions.EnableBrowserStack - Setting enable browserstack run update
15:42:02.096 [AWT-EventQueue-0] INFO  com.browserstack.utils.Helpers - C:/Users/SiddharthKoka/.m2/repository/com/browserstack/browserstack-java-sdk/1.26.0/browserstack-java-sdk-1.26.0.jar
15:42:02.096 [AWT-EventQueue-0] INFO  com.browserstack.utils.Helpers - false
15:42:02.104 [AWT-EventQueue-0] INFO  c.b.actions.DisableBrowserStack - Setting disable browserstack run update
15:42:02.104 [AWT-EventQueue-0] INFO  com.browserstack.utils.Helpers - C:/Users/SiddharthKoka/.m2/repository/com/browserstack/browserstack-java-sdk/1.26.0/browserstack-java-sdk-1.26.0.jar
15:42:02.105 [AWT-EventQueue-0] INFO  com.browserstack.utils.Helpers - false
15:42:04.401 [AWT-EventQueue-0] INFO  c.b.actions.DisableBrowserStack - Setting disable browserstack run update
15:42:04.401 [AWT-EventQueue-0] INFO  com.browserstack.utils.Helpers - C:/Users/SiddharthKoka/.m2/repository/com/browserstack/browserstack-java-sdk/1.26.0/browserstack-java-sdk-1.26.0.jar
15:42:04.401 [AWT-EventQueue-0] INFO  com.browserstack.utils.Helpers - false
15:42:04.410 [AWT-EventQueue-0] INFO  c.b.actions.EnableBrowserStack - Setting enable browserstack run update
15:42:04.410 [AWT-EventQueue-0] INFO  com.browserstack.utils.Helpers - C:/Users/SiddharthKoka/.m2/repository/com/browserstack/browserstack-java-sdk/1.26.0/browserstack-java-sdk-1.26.0.jar
15:42:04.410 [AWT-EventQueue-0] INFO  com.browserstack.utils.Helpers - false
16:44:58.999 [AWT-EventQueue-0] INFO  c.b.actions.DisableBrowserStack - Setting disable browserstack run update
16:44:59.001 [AWT-EventQueue-0] INFO  com.browserstack.utils.Helpers - C:/Users/SiddharthKoka/.m2/repository/com/browserstack/browserstack-java-sdk/1.30.2/browserstack-java-sdk-1.30.2.jar
16:44:59.002 [AWT-EventQueue-0] INFO  com.browserstack.utils.Helpers - false
16:44:59.008 [AWT-EventQueue-0] INFO  c.b.actions.EnableBrowserStack - Setting enable browserstack run update
16:44:59.008 [AWT-EventQueue-0] INFO  com.browserstack.utils.Helpers - C:/Users/SiddharthKoka/.m2/repository/com/browserstack/browserstack-java-sdk/1.30.2/browserstack-java-sdk-1.30.2.jar
16:44:59.008 [AWT-EventQueue-0] INFO  com.browserstack.utils.Helpers - false
16:45:09.375 [AWT-EventQueue-0] INFO  c.b.actions.DisableBrowserStack - Setting disable browserstack run update
16:45:09.375 [AWT-EventQueue-0] INFO  com.browserstack.utils.Helpers - C:/Users/SiddharthKoka/.m2/repository/com/browserstack/browserstack-java-sdk/1.30.2/browserstack-java-sdk-1.30.2.jar
16:45:09.375 [AWT-EventQueue-0] INFO  com.browserstack.utils.Helpers - false
16:45:09.380 [AWT-EventQueue-0] INFO  c.b.actions.EnableBrowserStack - Setting enable browserstack run update
16:45:09.381 [AWT-EventQueue-0] INFO  com.browserstack.utils.Helpers - C:/Users/SiddharthKoka/.m2/repository/com/browserstack/browserstack-java-sdk/1.30.2/browserstack-java-sdk-1.30.2.jar
16:45:09.381 [AWT-EventQueue-0] INFO  com.browserstack.utils.Helpers - false
16:45:18.343 [AWT-EventQueue-0] INFO  c.b.launchers.LaunchMavenCommand - Integrate source: java:intellij:v1.1.6
16:45:18.343 [AWT-EventQueue-0] INFO  c.b.launchers.LaunchMavenCommand - Executing maven archetype command - browserstack-sdk-archetype-integrate
16:45:18.416 [ApplicationImpl pooled thread 171] INFO  c.b.l.BrowserStackRunExtension - maven
16:45:18.417 [ApplicationImpl pooled thread 171] INFO  com.browserstack.utils.Helpers - false
16:45:38.728 [java.exe] INFO  c.b.launchers.LaunchMavenCommand - Completed maven archetype command
16:49:41.537 [AWT-EventQueue-0] INFO  c.b.actions.DisableBrowserStack - Setting disable browserstack run update
16:49:41.538 [AWT-EventQueue-0] INFO  com.browserstack.utils.Helpers - C:/Users/SiddharthKoka/.m2/repository/com/browserstack/browserstack-java-sdk/1.30.2/browserstack-java-sdk-1.30.2.jar
16:49:41.538 [AWT-EventQueue-0] INFO  com.browserstack.utils.Helpers - true
16:49:41.543 [AWT-EventQueue-0] INFO  c.b.actions.EnableBrowserStack - Setting enable browserstack run update
16:49:41.543 [AWT-EventQueue-0] INFO  com.browserstack.utils.Helpers - C:/Users/SiddharthKoka/.m2/repository/com/browserstack/browserstack-java-sdk/1.30.2/browserstack-java-sdk-1.30.2.jar
16:49:41.543 [AWT-EventQueue-0] INFO  com.browserstack.utils.Helpers - true
16:50:07.884 [ApplicationImpl pooled thread 184] INFO  c.b.l.BrowserStackRunExtension - testng
16:50:07.884 [ApplicationImpl pooled thread 184] INFO  com.browserstack.utils.Helpers - true
16:50:07.885 [ApplicationImpl pooled thread 184] INFO  com.browserstack.utils.Helpers - C:/Users/SiddharthKoka/.m2/repository/com/browserstack/browserstack-java-sdk/1.30.2/browserstack-java-sdk-1.30.2.jar
16:50:07.885 [ApplicationImpl pooled thread 184] INFO  c.b.l.BrowserStackRunExtension - Agent path: C:/Users/SiddharthKoka/.m2/repository/com/browserstack/browserstack-java-sdk/1.30.2/browserstack-java-sdk-1.30.2.jar
16:50:07.885 [ApplicationImpl pooled thread 184] INFO  c.b.l.BrowserStackRunExtension - Adding Browserstack SDK javaagent argline
16:50:07.885 [ApplicationImpl pooled thread 184] INFO  c.b.l.BrowserStackRunExtension - Plugin version: v1.1.6
16:51:20.867 [AWT-EventQueue-0] INFO  c.b.actions.DisableBrowserStack - Setting disable browserstack run update
16:51:20.868 [AWT-EventQueue-0] INFO  com.browserstack.utils.Helpers - C:/Users/SiddharthKoka/.m2/repository/com/browserstack/browserstack-java-sdk/1.30.2/browserstack-java-sdk-1.30.2.jar
16:51:20.868 [AWT-EventQueue-0] INFO  com.browserstack.utils.Helpers - true
16:51:20.872 [AWT-EventQueue-0] INFO  c.b.actions.EnableBrowserStack - Setting enable browserstack run update
16:51:20.872 [AWT-EventQueue-0] INFO  com.browserstack.utils.Helpers - C:/Users/SiddharthKoka/.m2/repository/com/browserstack/browserstack-java-sdk/1.30.2/browserstack-java-sdk-1.30.2.jar
16:51:20.873 [AWT-EventQueue-0] INFO  com.browserstack.utils.Helpers - true
16:51:21.715 [AWT-EventQueue-0] INFO  c.b.actions.DisableBrowserStack - Disabling BrowserStack Run
16:51:21.715 [AWT-EventQueue-0] INFO  com.browserstack.utils.Helpers - setting browserstack enabled to false
16:51:28.465 [ApplicationImpl pooled thread 184] INFO  c.b.l.BrowserStackRunExtension - testng
16:51:28.466 [ApplicationImpl pooled thread 184] INFO  com.browserstack.utils.Helpers - false
16:54:35.678 [AWT-EventQueue-0] INFO  c.b.actions.DisableBrowserStack - Setting disable browserstack run update
16:54:35.679 [AWT-EventQueue-0] INFO  com.browserstack.utils.Helpers - C:/Users/SiddharthKoka/.m2/repository/com/browserstack/browserstack-java-sdk/1.30.2/browserstack-java-sdk-1.30.2.jar
16:54:35.679 [AWT-EventQueue-0] INFO  com.browserstack.utils.Helpers - false
16:54:35.685 [AWT-EventQueue-0] INFO  c.b.actions.EnableBrowserStack - Setting enable browserstack run update
16:54:35.685 [AWT-EventQueue-0] INFO  com.browserstack.utils.Helpers - C:/Users/SiddharthKoka/.m2/repository/com/browserstack/browserstack-java-sdk/1.30.2/browserstack-java-sdk-1.30.2.jar
16:54:35.685 [AWT-EventQueue-0] INFO  com.browserstack.utils.Helpers - false
16:54:44.649 [AWT-EventQueue-0] INFO  c.b.launchers.LaunchMavenCommand - Integrate source: java:appium-intellij:v1.1.6
16:54:44.649 [AWT-EventQueue-0] INFO  c.b.launchers.LaunchMavenCommand - Executing maven archetype command - browserstack-sdk-archetype-integrate
16:54:44.681 [ApplicationImpl pooled thread 188] INFO  c.b.l.BrowserStackRunExtension - maven
16:54:44.681 [ApplicationImpl pooled thread 188] INFO  com.browserstack.utils.Helpers - false
16:54:53.068 [java.exe] INFO  c.b.launchers.LaunchMavenCommand - Completed maven archetype command
16:54:57.397 [AWT-EventQueue-0] INFO  c.b.actions.DisableBrowserStack - Setting disable browserstack run update
16:54:57.398 [AWT-EventQueue-0] INFO  com.browserstack.utils.Helpers - C:/Users/SiddharthKoka/.m2/repository/com/browserstack/browserstack-java-sdk/1.30.2/browserstack-java-sdk-1.30.2.jar
16:54:57.398 [AWT-EventQueue-0] INFO  com.browserstack.utils.Helpers - true
16:54:57.402 [AWT-EventQueue-0] INFO  c.b.actions.EnableBrowserStack - Setting enable browserstack run update
16:54:57.402 [AWT-EventQueue-0] INFO  com.browserstack.utils.Helpers - C:/Users/SiddharthKoka/.m2/repository/com/browserstack/browserstack-java-sdk/1.30.2/browserstack-java-sdk-1.30.2.jar
16:54:57.402 [AWT-EventQueue-0] INFO  com.browserstack.utils.Helpers - true
16:55:02.756 [ApplicationImpl pooled thread 188] INFO  c.b.l.BrowserStackRunExtension - testng
16:55:02.756 [ApplicationImpl pooled thread 188] INFO  com.browserstack.utils.Helpers - true
16:55:02.756 [ApplicationImpl pooled thread 188] INFO  com.browserstack.utils.Helpers - C:/Users/SiddharthKoka/.m2/repository/com/browserstack/browserstack-java-sdk/1.30.2/browserstack-java-sdk-1.30.2.jar
16:55:02.757 [ApplicationImpl pooled thread 188] INFO  c.b.l.BrowserStackRunExtension - Agent path: C:/Users/SiddharthKoka/.m2/repository/com/browserstack/browserstack-java-sdk/1.30.2/browserstack-java-sdk-1.30.2.jar
16:55:02.757 [ApplicationImpl pooled thread 188] INFO  c.b.l.BrowserStackRunExtension - Adding Browserstack SDK javaagent argline
16:55:02.757 [ApplicationImpl pooled thread 188] INFO  c.b.l.BrowserStackRunExtension - Plugin version: v1.1.6
16:56:21.191 [AWT-EventQueue-0] INFO  c.b.actions.DisableBrowserStack - Setting disable browserstack run update
16:56:21.191 [AWT-EventQueue-0] INFO  com.browserstack.utils.Helpers - C:/Users/SiddharthKoka/.m2/repository/com/browserstack/browserstack-java-sdk/1.30.2/browserstack-java-sdk-1.30.2.jar
16:56:21.191 [AWT-EventQueue-0] INFO  com.browserstack.utils.Helpers - true
16:56:21.196 [AWT-EventQueue-0] INFO  c.b.actions.EnableBrowserStack - Setting enable browserstack run update
16:56:21.196 [AWT-EventQueue-0] INFO  com.browserstack.utils.Helpers - C:/Users/SiddharthKoka/.m2/repository/com/browserstack/browserstack-java-sdk/1.30.2/browserstack-java-sdk-1.30.2.jar
16:56:21.196 [AWT-EventQueue-0] INFO  com.browserstack.utils.Helpers - true
16:56:22.407 [AWT-EventQueue-0] INFO  c.b.actions.DisableBrowserStack - Disabling BrowserStack Run
16:56:22.407 [AWT-EventQueue-0] INFO  com.browserstack.utils.Helpers - setting browserstack enabled to false
11:18:55.947 [AWT-EventQueue-0] INFO  c.b.actions.EnableBrowserStack - Setting enable browserstack run update
11:18:55.953 [AWT-EventQueue-0] INFO  com.browserstack.utils.Helpers - C:/Users/SiddharthKoka/.m2/repository/com/browserstack/browserstack-java-sdk/1.30.2/browserstack-java-sdk-1.30.2.jar
11:18:55.954 [AWT-EventQueue-0] INFO  com.browserstack.utils.Helpers - false
11:18:55.966 [AWT-EventQueue-0] INFO  c.b.actions.DisableBrowserStack - Setting disable browserstack run update
11:18:55.967 [AWT-EventQueue-0] INFO  com.browserstack.utils.Helpers - C:/Users/SiddharthKoka/.m2/repository/com/browserstack/browserstack-java-sdk/1.30.2/browserstack-java-sdk-1.30.2.jar
11:18:55.967 [AWT-EventQueue-0] INFO  com.browserstack.utils.Helpers - false
11:18:57.143 [AWT-EventQueue-0] INFO  c.b.actions.EnableBrowserStack - Enabling BrowserStack Run
11:18:57.143 [AWT-EventQueue-0] INFO  com.browserstack.utils.Helpers - setting browserstack enabled to true
11:19:00.381 [AWT-EventQueue-0] INFO  c.b.actions.DisableBrowserStack - Setting disable browserstack run update
11:19:00.381 [AWT-EventQueue-0] INFO  com.browserstack.utils.Helpers - C:/Users/SiddharthKoka/.m2/repository/com/browserstack/browserstack-java-sdk/1.30.2/browserstack-java-sdk-1.30.2.jar
11:19:00.381 [AWT-EventQueue-0] INFO  com.browserstack.utils.Helpers - true
11:19:00.394 [AWT-EventQueue-0] INFO  c.b.actions.EnableBrowserStack - Setting enable browserstack run update
11:19:00.395 [AWT-EventQueue-0] INFO  com.browserstack.utils.Helpers - C:/Users/SiddharthKoka/.m2/repository/com/browserstack/browserstack-java-sdk/1.30.2/browserstack-java-sdk-1.30.2.jar
11:19:00.395 [AWT-EventQueue-0] INFO  com.browserstack.utils.Helpers - true
11:19:01.334 [AWT-EventQueue-0] INFO  c.b.actions.DisableBrowserStack - Disabling BrowserStack Run
11:19:01.334 [AWT-EventQueue-0] INFO  com.browserstack.utils.Helpers - setting browserstack enabled to false
11:21:40.382 [ApplicationImpl pooled thread 7] INFO  c.b.l.BrowserStackRunExtension - application
11:21:40.383 [ApplicationImpl pooled thread 7] INFO  com.browserstack.utils.Helpers - false
11:23:08.981 [ApplicationImpl pooled thread 7] INFO  c.b.l.BrowserStackRunExtension - application
11:23:08.981 [ApplicationImpl pooled thread 7] INFO  com.browserstack.utils.Helpers - false
11:24:07.141 [ApplicationImpl pooled thread 13] INFO  c.b.l.BrowserStackRunExtension - application
11:24:07.142 [ApplicationImpl pooled thread 13] INFO  com.browserstack.utils.Helpers - false
11:26:48.136 [ApplicationImpl pooled thread 7] INFO  c.b.l.BrowserStackRunExtension - application
11:26:48.136 [ApplicationImpl pooled thread 7] INFO  com.browserstack.utils.Helpers - false
11:33:57.242 [ApplicationImpl pooled thread 24] INFO  c.b.l.BrowserStackRunExtension - application
11:33:57.242 [ApplicationImpl pooled thread 24] INFO  com.browserstack.utils.Helpers - false
11:35:20.629 [ApplicationImpl pooled thread 7] INFO  c.b.l.BrowserStackRunExtension - application
11:35:20.629 [ApplicationImpl pooled thread 7] INFO  com.browserstack.utils.Helpers - false
11:37:11.106 [ApplicationImpl pooled thread 7] INFO  c.b.l.BrowserStackRunExtension - application
11:37:11.106 [ApplicationImpl pooled thread 7] INFO  com.browserstack.utils.Helpers - false
11:41:54.716 [ApplicationImpl pooled thread 32] INFO  c.b.l.BrowserStackRunExtension - application
11:41:54.716 [ApplicationImpl pooled thread 32] INFO  com.browserstack.utils.Helpers - false
11:43:32.546 [ApplicationImpl pooled thread 32] INFO  c.b.l.BrowserStackRunExtension - application
11:43:32.546 [ApplicationImpl pooled thread 32] INFO  com.browserstack.utils.Helpers - false
11:57:50.445 [AWT-EventQueue-0] INFO  c.b.actions.DisableBrowserStack - Setting disable browserstack run update
11:57:50.447 [AWT-EventQueue-0] INFO  com.browserstack.utils.Helpers - C:/Users/SiddharthKoka/.m2/repository/com/browserstack/browserstack-java-sdk/1.30.2/browserstack-java-sdk-1.30.2.jar
11:57:50.447 [AWT-EventQueue-0] INFO  com.browserstack.utils.Helpers - false
11:57:50.450 [AWT-EventQueue-0] INFO  c.b.actions.EnableBrowserStack - Setting enable browserstack run update
11:57:50.455 [AWT-EventQueue-0] INFO  com.browserstack.utils.Helpers - C:/Users/SiddharthKoka/.m2/repository/com/browserstack/browserstack-java-sdk/1.30.2/browserstack-java-sdk-1.30.2.jar
11:57:50.455 [AWT-EventQueue-0] INFO  com.browserstack.utils.Helpers - false
12:56:04.884 [ApplicationImpl pooled thread 65] INFO  c.b.l.BrowserStackRunExtension - testng
12:56:04.884 [ApplicationImpl pooled thread 65] INFO  com.browserstack.utils.Helpers - false
14:09:13.341 [ApplicationImpl pooled thread 99] INFO  c.b.l.BrowserStackRunExtension - testng
14:09:13.341 [ApplicationImpl pooled thread 99] INFO  com.browserstack.utils.Helpers - false
15:47:42.631 [ApplicationImpl pooled thread 12] INFO  c.b.l.BrowserStackRunExtension - testng
15:47:42.633 [ApplicationImpl pooled thread 12] INFO  com.browserstack.utils.Helpers - false
15:49:14.714 [ApplicationImpl pooled thread 13] INFO  c.b.l.BrowserStackRunExtension - testng
15:49:14.715 [ApplicationImpl pooled thread 13] INFO  com.browserstack.utils.Helpers - false
15:52:16.927 [ApplicationImpl pooled thread 15] INFO  c.b.l.BrowserStackRunExtension - testng
15:52:16.928 [ApplicationImpl pooled thread 15] INFO  com.browserstack.utils.Helpers - false
16:17:54.838 [ApplicationImpl pooled thread 26] INFO  c.b.l.BrowserStackRunExtension - testng
16:17:54.838 [ApplicationImpl pooled thread 26] INFO  com.browserstack.utils.Helpers - false
16:20:11.289 [ApplicationImpl pooled thread 22] INFO  c.b.l.BrowserStackRunExtension - testng
16:20:11.289 [ApplicationImpl pooled thread 22] INFO  com.browserstack.utils.Helpers - false
16:30:09.207 [ApplicationImpl pooled thread 36] INFO  c.b.l.BrowserStackRunExtension - testng
16:30:09.207 [ApplicationImpl pooled thread 36] INFO  com.browserstack.utils.Helpers - false
17:01:00.536 [ApplicationImpl pooled thread 49] INFO  c.b.l.BrowserStackRunExtension - testng
17:01:00.536 [ApplicationImpl pooled thread 49] INFO  com.browserstack.utils.Helpers - false
17:01:23.314 [ApplicationImpl pooled thread 49] INFO  c.b.l.BrowserStackRunExtension - testng
17:01:23.314 [ApplicationImpl pooled thread 49] INFO  com.browserstack.utils.Helpers - false
11:14:43.566 [ApplicationImpl pooled thread 18] INFO  c.b.l.BrowserStackRunExtension - application
11:14:43.572 [ApplicationImpl pooled thread 18] INFO  com.browserstack.utils.Helpers - false
11:17:24.673 [ApplicationImpl pooled thread 15] INFO  c.b.l.BrowserStackRunExtension - application
11:17:24.675 [ApplicationImpl pooled thread 15] INFO  com.browserstack.utils.Helpers - false
11:19:27.866 [ApplicationImpl pooled thread 23] INFO  c.b.l.BrowserStackRunExtension - application
11:19:27.866 [ApplicationImpl pooled thread 23] INFO  com.browserstack.utils.Helpers - false
11:32:57.907 [ApplicationImpl pooled thread 32] INFO  c.b.l.BrowserStackRunExtension - application
11:32:57.908 [ApplicationImpl pooled thread 32] INFO  com.browserstack.utils.Helpers - false
11:34:45.969 [ApplicationImpl pooled thread 32] INFO  c.b.l.BrowserStackRunExtension - application
11:34:45.969 [ApplicationImpl pooled thread 32] INFO  com.browserstack.utils.Helpers - false
11:42:16.675 [ApplicationImpl pooled thread 35] INFO  c.b.l.BrowserStackRunExtension - application
11:42:16.675 [ApplicationImpl pooled thread 35] INFO  com.browserstack.utils.Helpers - false
11:43:09.042 [ApplicationImpl pooled thread 35] INFO  c.b.l.BrowserStackRunExtension - testng
11:43:09.042 [ApplicationImpl pooled thread 35] INFO  com.browserstack.utils.Helpers - false
11:47:16.678 [ApplicationImpl pooled thread 46] INFO  c.b.l.BrowserStackRunExtension - testng
11:47:16.678 [ApplicationImpl pooled thread 46] INFO  com.browserstack.utils.Helpers - false
11:48:56.685 [ApplicationImpl pooled thread 46] INFO  c.b.l.BrowserStackRunExtension - testng
11:48:56.686 [ApplicationImpl pooled thread 46] INFO  com.browserstack.utils.Helpers - false
11:56:57.665 [ApplicationImpl pooled thread 48] INFO  c.b.l.BrowserStackRunExtension - testng
11:56:57.665 [ApplicationImpl pooled thread 48] INFO  com.browserstack.utils.Helpers - false
12:00:25.883 [ApplicationImpl pooled thread 54] INFO  c.b.l.BrowserStackRunExtension - testng
12:00:25.883 [ApplicationImpl pooled thread 54] INFO  com.browserstack.utils.Helpers - false
12:01:23.200 [ApplicationImpl pooled thread 54] INFO  c.b.l.BrowserStackRunExtension - testng
12:01:23.200 [ApplicationImpl pooled thread 54] INFO  com.browserstack.utils.Helpers - false
12:06:06.855 [ApplicationImpl pooled thread 45] INFO  c.b.l.BrowserStackRunExtension - testng
12:06:06.855 [ApplicationImpl pooled thread 45] INFO  com.browserstack.utils.Helpers - false
12:30:08.277 [ApplicationImpl pooled thread 69] INFO  c.b.l.BrowserStackRunExtension - testng
12:30:08.277 [ApplicationImpl pooled thread 69] INFO  com.browserstack.utils.Helpers - false
12:34:14.251 [ApplicationImpl pooled thread 71] INFO  c.b.l.BrowserStackRunExtension - testng
12:34:14.251 [ApplicationImpl pooled thread 71] INFO  com.browserstack.utils.Helpers - false
12:38:06.067 [ApplicationImpl pooled thread 78] INFO  c.b.l.BrowserStackRunExtension - testng
12:38:06.067 [ApplicationImpl pooled thread 78] INFO  com.browserstack.utils.Helpers - false
13:05:28.074 [ApplicationImpl pooled thread 86] INFO  c.b.l.BrowserStackRunExtension - testng
13:05:28.074 [ApplicationImpl pooled thread 86] INFO  com.browserstack.utils.Helpers - false
13:09:46.361 [ApplicationImpl pooled thread 92] INFO  c.b.l.BrowserStackRunExtension - testng
13:09:46.361 [ApplicationImpl pooled thread 92] INFO  com.browserstack.utils.Helpers - false
13:25:13.691 [ApplicationImpl pooled thread 96] INFO  c.b.l.BrowserStackRunExtension - testng
13:25:13.691 [ApplicationImpl pooled thread 96] INFO  com.browserstack.utils.Helpers - false
13:29:21.339 [ApplicationImpl pooled thread 99] INFO  c.b.l.BrowserStackRunExtension - testng
13:29:21.339 [ApplicationImpl pooled thread 99] INFO  com.browserstack.utils.Helpers - false
13:36:13.955 [ApplicationImpl pooled thread 98] INFO  c.b.l.BrowserStackRunExtension - testng
13:36:13.955 [ApplicationImpl pooled thread 98] INFO  com.browserstack.utils.Helpers - false
13:42:20.380 [ApplicationImpl pooled thread 98] INFO  c.b.l.BrowserStackRunExtension - testng
13:42:20.381 [ApplicationImpl pooled thread 98] INFO  com.browserstack.utils.Helpers - false
13:57:25.580 [ApplicationImpl pooled thread 112] INFO  c.b.l.BrowserStackRunExtension - testng
13:57:25.580 [ApplicationImpl pooled thread 112] INFO  com.browserstack.utils.Helpers - false
14:02:56.866 [ApplicationImpl pooled thread 112] INFO  c.b.l.BrowserStackRunExtension - testng
14:02:56.866 [ApplicationImpl pooled thread 112] INFO  com.browserstack.utils.Helpers - false
14:25:46.010 [ApplicationImpl pooled thread 121] INFO  c.b.l.BrowserStackRunExtension - testng
14:25:46.010 [ApplicationImpl pooled thread 121] INFO  com.browserstack.utils.Helpers - false
14:28:59.533 [ApplicationImpl pooled thread 126] INFO  c.b.l.BrowserStackRunExtension - testng
14:28:59.533 [ApplicationImpl pooled thread 126] INFO  com.browserstack.utils.Helpers - false
14:47:53.236 [ApplicationImpl pooled thread 135] INFO  c.b.l.BrowserStackRunExtension - testng
14:47:53.236 [ApplicationImpl pooled thread 135] INFO  com.browserstack.utils.Helpers - false
14:51:28.322 [ApplicationImpl pooled thread 137] INFO  c.b.l.BrowserStackRunExtension - testng
14:51:28.322 [ApplicationImpl pooled thread 137] INFO  com.browserstack.utils.Helpers - false
15:33:04.337 [ApplicationImpl pooled thread 150] INFO  c.b.l.BrowserStackRunExtension - testng
15:33:04.337 [ApplicationImpl pooled thread 150] INFO  com.browserstack.utils.Helpers - false
15:34:51.088 [ApplicationImpl pooled thread 145] INFO  c.b.l.BrowserStackRunExtension - testng
15:34:51.088 [ApplicationImpl pooled thread 145] INFO  com.browserstack.utils.Helpers - false
15:38:22.451 [ApplicationImpl pooled thread 154] INFO  c.b.l.BrowserStackRunExtension - testng
15:38:22.452 [ApplicationImpl pooled thread 154] INFO  com.browserstack.utils.Helpers - false
15:42:49.163 [ApplicationImpl pooled thread 149] INFO  c.b.l.BrowserStackRunExtension - testng
15:42:49.163 [ApplicationImpl pooled thread 149] INFO  com.browserstack.utils.Helpers - false
15:43:52.233 [ApplicationImpl pooled thread 149] INFO  c.b.l.BrowserStackRunExtension - testng
15:43:52.233 [ApplicationImpl pooled thread 149] INFO  com.browserstack.utils.Helpers - false
15:45:49.468 [ApplicationImpl pooled thread 158] INFO  c.b.l.BrowserStackRunExtension - testng
15:45:49.468 [ApplicationImpl pooled thread 158] INFO  com.browserstack.utils.Helpers - false
15:50:55.504 [ApplicationImpl pooled thread 149] INFO  c.b.l.BrowserStackRunExtension - testng
15:50:55.504 [ApplicationImpl pooled thread 149] INFO  com.browserstack.utils.Helpers - false
15:52:55.691 [ApplicationImpl pooled thread 149] INFO  c.b.l.BrowserStackRunExtension - testng
15:52:55.691 [ApplicationImpl pooled thread 149] INFO  com.browserstack.utils.Helpers - false
15:59:47.110 [ApplicationImpl pooled thread 174] INFO  c.b.l.BrowserStackRunExtension - testng
15:59:47.110 [ApplicationImpl pooled thread 174] INFO  com.browserstack.utils.Helpers - false
16:00:26.052 [ApplicationImpl pooled thread 177] INFO  c.b.l.BrowserStackRunExtension - testng
16:00:26.052 [ApplicationImpl pooled thread 177] INFO  com.browserstack.utils.Helpers - false
16:04:19.431 [ApplicationImpl pooled thread 174] INFO  c.b.l.BrowserStackRunExtension - testng
16:04:19.431 [ApplicationImpl pooled thread 174] INFO  com.browserstack.utils.Helpers - false
16:04:56.055 [ApplicationImpl pooled thread 174] INFO  c.b.l.BrowserStackRunExtension - testng
16:04:56.055 [ApplicationImpl pooled thread 174] INFO  com.browserstack.utils.Helpers - false
16:07:13.679 [ApplicationImpl pooled thread 10] INFO  c.b.l.BrowserStackRunExtension - testng
16:07:13.681 [ApplicationImpl pooled thread 10] INFO  com.browserstack.utils.Helpers - false
16:07:36.360 [ApplicationImpl pooled thread 7] INFO  c.b.l.BrowserStackRunExtension - testng
16:07:36.360 [ApplicationImpl pooled thread 7] INFO  com.browserstack.utils.Helpers - false
16:08:54.992 [AWT-EventQueue-0] INFO  c.b.actions.DisableBrowserStack - Setting disable browserstack run update
16:08:54.992 [AWT-EventQueue-0] INFO  com.browserstack.utils.Helpers - C:/Users/SiddharthKoka/.m2/repository/com/browserstack/browserstack-java-sdk/1.30.3/browserstack-java-sdk-1.30.3.jar
16:08:54.992 [AWT-EventQueue-0] INFO  com.browserstack.utils.Helpers - false
16:08:54.992 [AWT-EventQueue-0] INFO  c.b.actions.EnableBrowserStack - Setting enable browserstack run update
16:08:54.992 [AWT-EventQueue-0] INFO  com.browserstack.utils.Helpers - C:/Users/SiddharthKoka/.m2/repository/com/browserstack/browserstack-java-sdk/1.30.3/browserstack-java-sdk-1.30.3.jar
16:08:54.992 [AWT-EventQueue-0] INFO  com.browserstack.utils.Helpers - false
16:09:51.684 [ApplicationImpl pooled thread 2] INFO  c.b.l.BrowserStackRunExtension - testng
16:09:51.684 [ApplicationImpl pooled thread 2] INFO  com.browserstack.utils.Helpers - false
16:13:56.578 [ApplicationImpl pooled thread 1] INFO  c.b.l.BrowserStackRunExtension - testng
16:13:56.578 [ApplicationImpl pooled thread 1] INFO  com.browserstack.utils.Helpers - false
16:18:10.595 [ApplicationImpl pooled thread 23] INFO  c.b.l.BrowserStackRunExtension - testng
16:18:10.595 [ApplicationImpl pooled thread 23] INFO  com.browserstack.utils.Helpers - false
16:29:25.597 [ApplicationImpl pooled thread 28] INFO  c.b.l.BrowserStackRunExtension - testng
16:29:25.597 [ApplicationImpl pooled thread 28] INFO  com.browserstack.utils.Helpers - false
16:31:28.413 [ApplicationImpl pooled thread 28] INFO  c.b.l.BrowserStackRunExtension - testng
16:31:28.413 [ApplicationImpl pooled thread 28] INFO  com.browserstack.utils.Helpers - false
16:32:35.939 [ApplicationImpl pooled thread 29] INFO  c.b.l.BrowserStackRunExtension - testng
16:32:35.939 [ApplicationImpl pooled thread 29] INFO  com.browserstack.utils.Helpers - false
16:33:59.058 [ApplicationImpl pooled thread 30] INFO  c.b.l.BrowserStackRunExtension - application
16:33:59.058 [ApplicationImpl pooled thread 30] INFO  com.browserstack.utils.Helpers - false
16:40:02.552 [ApplicationImpl pooled thread 28] INFO  c.b.l.BrowserStackRunExtension - testng
16:40:02.552 [ApplicationImpl pooled thread 28] INFO  com.browserstack.utils.Helpers - false
16:43:01.742 [ApplicationImpl pooled thread 46] INFO  c.b.l.BrowserStackRunExtension - application
16:43:01.742 [ApplicationImpl pooled thread 46] INFO  com.browserstack.utils.Helpers - false
16:43:43.038 [ApplicationImpl pooled thread 40] INFO  c.b.l.BrowserStackRunExtension - application
16:43:43.038 [ApplicationImpl pooled thread 40] INFO  com.browserstack.utils.Helpers - false
17:12:01.343 [ApplicationImpl pooled thread 5] INFO  c.b.l.BrowserStackRunExtension - testng
17:12:01.345 [ApplicationImpl pooled thread 5] INFO  com.browserstack.utils.Helpers - false
17:14:08.924 [ApplicationImpl pooled thread 3] INFO  c.b.l.BrowserStackRunExtension - testng
17:14:08.924 [ApplicationImpl pooled thread 3] INFO  com.browserstack.utils.Helpers - false
17:22:14.281 [ApplicationImpl pooled thread 17] INFO  c.b.l.BrowserStackRunExtension - testng
17:22:14.281 [ApplicationImpl pooled thread 17] INFO  com.browserstack.utils.Helpers - false
17:24:24.022 [ApplicationImpl pooled thread 21] INFO  c.b.l.BrowserStackRunExtension - testng
17:24:24.022 [ApplicationImpl pooled thread 21] INFO  com.browserstack.utils.Helpers - false
17:26:00.745 [ApplicationImpl pooled thread 21] INFO  c.b.l.BrowserStackRunExtension - testng
17:26:00.745 [ApplicationImpl pooled thread 21] INFO  com.browserstack.utils.Helpers - false
17:32:09.424 [ApplicationImpl pooled thread 28] INFO  c.b.l.BrowserStackRunExtension - testng
17:32:09.424 [ApplicationImpl pooled thread 28] INFO  com.browserstack.utils.Helpers - false
09:36:44.491 [ApplicationImpl pooled thread 41] INFO  c.b.l.BrowserStackRunExtension - testng
09:36:44.496 [ApplicationImpl pooled thread 41] INFO  com.browserstack.utils.Helpers - false
09:38:09.170 [ApplicationImpl pooled thread 40] INFO  c.b.l.BrowserStackRunExtension - testng
09:38:09.170 [ApplicationImpl pooled thread 40] INFO  com.browserstack.utils.Helpers - false
09:41:50.878 [ApplicationImpl pooled thread 42] INFO  c.b.l.BrowserStackRunExtension - testng
09:41:50.878 [ApplicationImpl pooled thread 42] INFO  com.browserstack.utils.Helpers - false
09:47:11.661 [ApplicationImpl pooled thread 48] INFO  c.b.l.BrowserStackRunExtension - testng
09:47:11.662 [ApplicationImpl pooled thread 48] INFO  com.browserstack.utils.Helpers - false
09:53:01.172 [ApplicationImpl pooled thread 42] INFO  c.b.l.BrowserStackRunExtension - testng
09:53:01.172 [ApplicationImpl pooled thread 42] INFO  com.browserstack.utils.Helpers - false
10:06:46.355 [ApplicationImpl pooled thread 62] INFO  c.b.l.BrowserStackRunExtension - testng
10:06:46.355 [ApplicationImpl pooled thread 62] INFO  com.browserstack.utils.Helpers - false
10:09:28.211 [ApplicationImpl pooled thread 64] INFO  c.b.l.BrowserStackRunExtension - testng
10:09:28.211 [ApplicationImpl pooled thread 64] INFO  com.browserstack.utils.Helpers - false
10:12:29.317 [ApplicationImpl pooled thread 53] INFO  c.b.l.BrowserStackRunExtension - testng
10:12:29.318 [ApplicationImpl pooled thread 53] INFO  com.browserstack.utils.Helpers - false
10:15:41.308 [ApplicationImpl pooled thread 53] INFO  c.b.l.BrowserStackRunExtension - testng
10:15:41.308 [ApplicationImpl pooled thread 53] INFO  com.browserstack.utils.Helpers - false
10:18:05.486 [ApplicationImpl pooled thread 71] INFO  c.b.l.BrowserStackRunExtension - testng
10:18:05.486 [ApplicationImpl pooled thread 71] INFO  com.browserstack.utils.Helpers - false
10:21:44.009 [ApplicationImpl pooled thread 78] INFO  c.b.l.BrowserStackRunExtension - testng
10:21:44.009 [ApplicationImpl pooled thread 78] INFO  com.browserstack.utils.Helpers - false
10:23:52.040 [ApplicationImpl pooled thread 78] INFO  c.b.l.BrowserStackRunExtension - testng
10:23:52.040 [ApplicationImpl pooled thread 78] INFO  com.browserstack.utils.Helpers - false
10:52:13.110 [ApplicationImpl pooled thread 6] INFO  c.b.l.BrowserStackRunExtension - testng
10:52:13.112 [ApplicationImpl pooled thread 6] INFO  com.browserstack.utils.Helpers - false
10:54:10.460 [ApplicationImpl pooled thread 11] INFO  c.b.l.BrowserStackRunExtension - application
10:54:10.460 [ApplicationImpl pooled thread 11] INFO  com.browserstack.utils.Helpers - false
10:56:45.174 [ApplicationImpl pooled thread 11] INFO  c.b.l.BrowserStackRunExtension - testng
10:56:45.175 [ApplicationImpl pooled thread 11] INFO  com.browserstack.utils.Helpers - false
10:59:01.080 [ApplicationImpl pooled thread 11] INFO  c.b.l.BrowserStackRunExtension - testng
10:59:01.081 [ApplicationImpl pooled thread 11] INFO  com.browserstack.utils.Helpers - false
11:05:42.568 [ApplicationImpl pooled thread 20] INFO  c.b.l.BrowserStackRunExtension - testng
11:05:42.568 [ApplicationImpl pooled thread 20] INFO  com.browserstack.utils.Helpers - false
11:07:58.849 [ApplicationImpl pooled thread 20] INFO  c.b.l.BrowserStackRunExtension - testng
11:07:58.849 [ApplicationImpl pooled thread 20] INFO  com.browserstack.utils.Helpers - false
11:23:37.266 [ApplicationImpl pooled thread 9] INFO  c.b.l.BrowserStackRunExtension - testng
11:23:37.268 [ApplicationImpl pooled thread 9] INFO  com.browserstack.utils.Helpers - false
11:26:29.714 [ApplicationImpl pooled thread 16] INFO  c.b.l.BrowserStackRunExtension - testng
11:26:29.715 [ApplicationImpl pooled thread 16] INFO  com.browserstack.utils.Helpers - false
11:28:50.964 [ApplicationImpl pooled thread 21] INFO  c.b.l.BrowserStackRunExtension - testng
11:28:50.964 [ApplicationImpl pooled thread 21] INFO  com.browserstack.utils.Helpers - false
11:37:30.380 [ApplicationImpl pooled thread 27] INFO  c.b.l.BrowserStackRunExtension - testng
11:37:30.380 [ApplicationImpl pooled thread 27] INFO  com.browserstack.utils.Helpers - false
11:40:13.141 [ApplicationImpl pooled thread 21] INFO  c.b.l.BrowserStackRunExtension - testng
11:40:13.142 [ApplicationImpl pooled thread 21] INFO  com.browserstack.utils.Helpers - false
11:42:38.419 [ApplicationImpl pooled thread 35] INFO  c.b.l.BrowserStackRunExtension - testng
11:42:38.419 [ApplicationImpl pooled thread 35] INFO  com.browserstack.utils.Helpers - false
11:43:07.682 [ApplicationImpl pooled thread 27] INFO  c.b.l.BrowserStackRunExtension - testng
11:43:07.682 [ApplicationImpl pooled thread 27] INFO  com.browserstack.utils.Helpers - false
11:48:11.642 [ApplicationImpl pooled thread 38] INFO  c.b.l.BrowserStackRunExtension - testng
11:48:11.642 [ApplicationImpl pooled thread 38] INFO  com.browserstack.utils.Helpers - false
11:51:54.525 [ApplicationImpl pooled thread 36] INFO  c.b.l.BrowserStackRunExtension - testng
11:51:54.525 [ApplicationImpl pooled thread 36] INFO  com.browserstack.utils.Helpers - false
11:57:29.096 [ApplicationImpl pooled thread 48] INFO  c.b.l.BrowserStackRunExtension - testng
11:57:29.096 [ApplicationImpl pooled thread 48] INFO  com.browserstack.utils.Helpers - false
12:02:26.597 [ApplicationImpl pooled thread 50] INFO  c.b.l.BrowserStackRunExtension - testng
12:02:26.597 [ApplicationImpl pooled thread 50] INFO  com.browserstack.utils.Helpers - false
12:11:20.908 [ApplicationImpl pooled thread 52] INFO  c.b.l.BrowserStackRunExtension - testng
12:11:20.908 [ApplicationImpl pooled thread 52] INFO  com.browserstack.utils.Helpers - false
12:11:57.956 [ApplicationImpl pooled thread 48] INFO  c.b.l.BrowserStackRunExtension - testng
12:11:57.956 [ApplicationImpl pooled thread 48] INFO  com.browserstack.utils.Helpers - false
12:15:48.738 [ApplicationImpl pooled thread 59] INFO  c.b.l.BrowserStackRunExtension - testng
12:15:48.739 [ApplicationImpl pooled thread 59] INFO  com.browserstack.utils.Helpers - false
12:19:11.560 [ApplicationImpl pooled thread 56] INFO  c.b.l.BrowserStackRunExtension - testng
12:19:11.560 [ApplicationImpl pooled thread 56] INFO  com.browserstack.utils.Helpers - false
12:22:38.723 [ApplicationImpl pooled thread 56] INFO  c.b.l.BrowserStackRunExtension - testng
12:22:38.723 [ApplicationImpl pooled thread 56] INFO  com.browserstack.utils.Helpers - false
12:24:41.753 [ApplicationImpl pooled thread 64] INFO  c.b.l.BrowserStackRunExtension - testng
12:24:41.754 [ApplicationImpl pooled thread 64] INFO  com.browserstack.utils.Helpers - false
12:28:56.339 [ApplicationImpl pooled thread 71] INFO  c.b.l.BrowserStackRunExtension - testng
12:28:56.339 [ApplicationImpl pooled thread 71] INFO  com.browserstack.utils.Helpers - false
12:34:28.488 [ApplicationImpl pooled thread 70] INFO  c.b.l.BrowserStackRunExtension - testng
12:34:28.488 [ApplicationImpl pooled thread 70] INFO  com.browserstack.utils.Helpers - false
12:35:57.417 [ApplicationImpl pooled thread 79] INFO  c.b.l.BrowserStackRunExtension - testng
12:35:57.417 [ApplicationImpl pooled thread 79] INFO  com.browserstack.utils.Helpers - false
12:39:16.538 [ApplicationImpl pooled thread 83] INFO  c.b.l.BrowserStackRunExtension - testng
12:39:16.538 [ApplicationImpl pooled thread 83] INFO  com.browserstack.utils.Helpers - false
12:42:19.008 [ApplicationImpl pooled thread 5] INFO  c.b.l.BrowserStackRunExtension - testng
12:42:19.008 [ApplicationImpl pooled thread 5] INFO  com.browserstack.utils.Helpers - false
12:44:40.490 [ApplicationImpl pooled thread 11] INFO  c.b.l.BrowserStackRunExtension - testng
12:44:40.490 [ApplicationImpl pooled thread 11] INFO  com.browserstack.utils.Helpers - false
12:48:52.581 [ApplicationImpl pooled thread 13] INFO  c.b.l.BrowserStackRunExtension - testng
12:48:52.581 [ApplicationImpl pooled thread 13] INFO  com.browserstack.utils.Helpers - false
14:02:03.247 [ApplicationImpl pooled thread 26] INFO  c.b.l.BrowserStackRunExtension - testng
14:02:03.247 [ApplicationImpl pooled thread 26] INFO  com.browserstack.utils.Helpers - false
14:02:32.062 [ApplicationImpl pooled thread 26] INFO  c.b.l.BrowserStackRunExtension - testng
14:02:32.062 [ApplicationImpl pooled thread 26] INFO  com.browserstack.utils.Helpers - false
14:09:35.830 [ApplicationImpl pooled thread 36] INFO  c.b.l.BrowserStackRunExtension - testng
14:09:35.830 [ApplicationImpl pooled thread 36] INFO  com.browserstack.utils.Helpers - false
14:10:02.544 [ApplicationImpl pooled thread 36] INFO  c.b.l.BrowserStackRunExtension - testng
14:10:02.544 [ApplicationImpl pooled thread 36] INFO  com.browserstack.utils.Helpers - false
14:10:26.813 [ApplicationImpl pooled thread 39] INFO  c.b.l.BrowserStackRunExtension - testng
14:10:26.813 [ApplicationImpl pooled thread 39] INFO  com.browserstack.utils.Helpers - false
14:26:51.791 [ApplicationImpl pooled thread 48] INFO  c.b.l.BrowserStackRunExtension - testng
14:26:51.791 [ApplicationImpl pooled thread 48] INFO  com.browserstack.utils.Helpers - false
14:36:02.630 [ApplicationImpl pooled thread 51] INFO  c.b.l.BrowserStackRunExtension - testng
14:36:02.630 [ApplicationImpl pooled thread 51] INFO  com.browserstack.utils.Helpers - false
11:46:59.572 [ApplicationImpl pooled thread 6] INFO  c.b.l.BrowserStackRunExtension - application
11:46:59.572 [ApplicationImpl pooled thread 6] INFO  com.browserstack.utils.Helpers - false
11:49:04.692 [ApplicationImpl pooled thread 1] INFO  c.b.l.BrowserStackRunExtension - application
11:49:04.692 [ApplicationImpl pooled thread 1] INFO  com.browserstack.utils.Helpers - false
12:05:11.746 [ApplicationImpl pooled thread 25] INFO  c.b.l.BrowserStackRunExtension - application
12:05:11.746 [ApplicationImpl pooled thread 25] INFO  com.browserstack.utils.Helpers - false
12:07:30.174 [ApplicationImpl pooled thread 22] INFO  c.b.l.BrowserStackRunExtension - application
12:07:30.174 [ApplicationImpl pooled thread 22] INFO  com.browserstack.utils.Helpers - false
12:12:36.432 [ApplicationImpl pooled thread 2] INFO  c.b.l.BrowserStackRunExtension - application
12:12:36.436 [ApplicationImpl pooled thread 2] INFO  com.browserstack.utils.Helpers - false
12:13:41.226 [ApplicationImpl pooled thread 10] INFO  c.b.l.BrowserStackRunExtension - application
12:13:41.226 [ApplicationImpl pooled thread 10] INFO  com.browserstack.utils.Helpers - false
12:38:53.559 [ApplicationImpl pooled thread 28] INFO  c.b.l.BrowserStackRunExtension - testng
12:38:53.559 [ApplicationImpl pooled thread 28] INFO  com.browserstack.utils.Helpers - false
12:40:18.865 [ApplicationImpl pooled thread 28] INFO  c.b.l.BrowserStackRunExtension - testng
12:40:18.865 [ApplicationImpl pooled thread 28] INFO  com.browserstack.utils.Helpers - false
